[0m10:31:26.543020 [debug] [MainThread]: Sending event: {'category': 'dbt', 'action': 'invocation', 'label': 'start', 'context': [<snowplow_tracker.self_describing_json.SelfDescribingJson object at 0x0000021FFA4D5710>, <snowplow_tracker.self_describing_json.SelfDescribingJson object at 0x0000021FFA4D55D0>, <snowplow_tracker.self_describing_json.SelfDescribingJson object at 0x0000021FFA4D5490>]}


============================== 10:31:26.577253 | 23819e11-3a80-4e06-aaec-b40fab7846b5 ==============================
[0m10:31:26.577253 [info ] [MainThread]: Running with dbt=1.11.6
[0m10:31:26.578249 [debug] [MainThread]: running dbt with arguments {'version_check': 'True', 'no_print': 'None', 'static_parser': 'True', 'target_path': 'None', 'warn_error_options': 'WarnErrorOptionsV2(error=[], warn=[], silence=[])', 'printer_width': '80', 'write_json': 'True', 'empty': 'None', 'log_cache_events': 'False', 'introspect': 'True', 'cache_selected_only': 'False', 'log_format': 'default', 'debug': 'False', 'fail_fast': 'False', 'profiles_dir': 'C:\\Users\\roger\\.dbt', 'send_anonymous_usage_stats': 'True', 'quiet': 'False', 'warn_error': 'None', 'partial_parse': 'True', 'use_colors': 'True', 'indirect_selection': 'eager', 'invocation_command': 'dbt init', 'use_experimental_parser': 'False', 'log_path': 'logs'}
[0m10:31:45.851771 [debug] [MainThread]: Starter project path: C:\Users\roger\Desktop\Project_Snowflake\Snowflake_ELT_Pipeline\.venv\Lib\site-packages\dbt\include\starter_project
[0m10:31:45.878870 [info ] [MainThread]: 
Your new dbt project "snowflake_pipeline" was created!

For more information on how to configure the profiles.yml file,
please consult the dbt documentation here:

  https://docs.getdbt.com/docs/configure-your-profile

One more thing:

Need help? Don't hesitate to reach out to us via GitHub issues or on Slack:

  https://community.getdbt.com/

Happy modeling!

[0m10:31:45.879881 [info ] [MainThread]: Setting up your profile.
[0m10:31:57.092006 [debug] [MainThread]: Snowflake adapter: Setting snowflake.connector to ERROR (file logging only)
[0m10:31:57.093250 [debug] [MainThread]: Snowflake adapter: Setting botocore to ERROR (file logging only)
[0m10:31:57.093250 [debug] [MainThread]: Snowflake adapter: Setting boto3 to ERROR (file logging only)
[0m10:33:02.068776 [info ] [MainThread]: Profile snowflake_pipeline written to C:\Users\roger\.dbt\profiles.yml using target's profile_template.yml and your supplied values. Run 'dbt debug' to validate the connection.
[0m10:33:02.071787 [debug] [MainThread]: Command `dbt init` succeeded at 10:33:02.071787 after 95.61 seconds
[0m10:33:02.072788 [debug] [MainThread]: Sending event: {'category': 'dbt', 'action': 'invocation', 'label': 'end', 'context': [<snowplow_tracker.self_describing_json.SelfDescribingJson object at 0x0000021FF9FED310>, <snowplow_tracker.self_describing_json.SelfDescribingJson object at 0x0000021FF2942210>, <snowplow_tracker.self_describing_json.SelfDescribingJson object at 0x0000021FFC763210>]}
[0m10:33:02.072788 [debug] [MainThread]: Flushing usage events
[0m10:33:02.212706 [debug] [MainThread]: An error was encountered while trying to flush usage events
