{"timestamp":"2026-02-19T00:05:50.744069","level":"info","event":"DAG bundles loaded: dags-folder","logger":"airflow.dag_processing.bundles.manager.DagBundlesManager"}
{"timestamp":"2026-02-19T00:05:50.745172","level":"info","event":"Filling up the DagBag from /opt/airflow/dags/dbt_build_daily.py","logger":"airflow.models.dagbag.DagBag"}
{"timestamp":"2026-02-19T00:05:51.002670","level":"info","event":"Tmp dir root location: /tmp","logger":"airflow.task.hooks.airflow.providers.standard.hooks.subprocess.SubprocessHook"}
{"timestamp":"2026-02-19T00:05:51.008933","level":"info","event":"Running command: ['/usr/bin/bash', '-c', '\\n        set -euo pipefail\\n        cd /opt/airflow/dbt/snowflake_pipeline\\n        export DBT_PROFILES_DIR=/opt/airflow/.dbt\\n        dbt build --profiles-dir /opt/airflow/.dbt --profile snowflake_pipeline --target dev\\n        ']","logger":"airflow.task.hooks.airflow.providers.standard.hooks.subprocess.SubprocessHook"}
{"timestamp":"2026-02-19T00:05:51.083274","level":"info","event":"Output:","logger":"airflow.task.hooks.airflow.providers.standard.hooks.subprocess.SubprocessHook"}
{"timestamp":"2026-02-19T00:05:56.840545","level":"info","event":"\u001b[0m00:05:56  Running with dbt=1.11.6","logger":"airflow.task.hooks.airflow.providers.standard.hooks.subprocess.SubprocessHook"}
{"timestamp":"2026-02-19T00:06:02.949627","level":"info","event":"\u001b[0m00:06:02  Registered adapter: snowflake=1.11.2","logger":"airflow.task.hooks.airflow.providers.standard.hooks.subprocess.SubprocessHook"}
{"timestamp":"2026-02-19T00:06:03.648621","level":"info","event":"\u001b[0m00:06:03  Unable to do partial parsing because config vars, config profile, or config target have changed","logger":"airflow.task.hooks.airflow.providers.standard.hooks.subprocess.SubprocessHook"}
{"timestamp":"2026-02-19T00:06:08.322071","level":"info","event":"\u001b[0m00:06:08  [\u001b[33mWARNING\u001b[0m][MissingArgumentsPropertyInGenericTestDeprecation]: Deprecated","logger":"airflow.task.hooks.airflow.providers.standard.hooks.subprocess.SubprocessHook"}
{"timestamp":"2026-02-19T00:06:08.322300","level":"info","event":"functionality","logger":"airflow.task.hooks.airflow.providers.standard.hooks.subprocess.SubprocessHook"}
{"timestamp":"2026-02-19T00:06:08.322807","level":"info","event":"Found top-level arguments to test `accepted_values` defined on 'fct_orders' in","logger":"airflow.task.hooks.airflow.providers.standard.hooks.subprocess.SubprocessHook"}
{"timestamp":"2026-02-19T00:06:08.322896","level":"info","event":"package 'snowflake_pipeline' (models/marts/properties.yml). Arguments to generic","logger":"airflow.task.hooks.airflow.providers.standard.hooks.subprocess.SubprocessHook"}
{"timestamp":"2026-02-19T00:06:08.322953","level":"info","event":"tests should be nested under the `arguments` property.","logger":"airflow.task.hooks.airflow.providers.standard.hooks.subprocess.SubprocessHook"}
{"timestamp":"2026-02-19T00:06:09.745927","level":"info","event":"\u001b[0m00:06:09  Found 5 models, 1 analysis, 9 data tests, 2 sources, 637 macros","logger":"airflow.task.hooks.airflow.providers.standard.hooks.subprocess.SubprocessHook"}
{"timestamp":"2026-02-19T00:06:09.763530","level":"info","event":"\u001b[0m00:06:09","logger":"airflow.task.hooks.airflow.providers.standard.hooks.subprocess.SubprocessHook"}
{"timestamp":"2026-02-19T00:06:09.764875","level":"info","event":"\u001b[0m00:06:09  Concurrency: 10 threads (target='dev')","logger":"airflow.task.hooks.airflow.providers.standard.hooks.subprocess.SubprocessHook"}
{"timestamp":"2026-02-19T00:06:09.768013","level":"info","event":"\u001b[0m00:06:09","logger":"airflow.task.hooks.airflow.providers.standard.hooks.subprocess.SubprocessHook"}
{"timestamp":"2026-02-19T00:06:15.605844","level":"info","event":"\u001b[0m00:06:15  1 of 14 START sql view model dbt_schema.stg_tpch_line_items .................... [RUN]","logger":"airflow.task.hooks.airflow.providers.standard.hooks.subprocess.SubprocessHook"}
{"timestamp":"2026-02-19T00:06:15.617674","level":"info","event":"\u001b[0m00:06:15  2 of 14 START test source_not_null_tpch_orders_o_orderkey ...................... [RUN]","logger":"airflow.task.hooks.airflow.providers.standard.hooks.subprocess.SubprocessHook"}
{"timestamp":"2026-02-19T00:06:15.646183","level":"info","event":"\u001b[0m00:06:15  3 of 14 START test source_relationships_tpch_lineitem_l_orderkey__o_orderkey__source_tpch_orders_  [RUN]","logger":"airflow.task.hooks.airflow.providers.standard.hooks.subprocess.SubprocessHook"}
{"timestamp":"2026-02-19T00:06:15.664460","level":"info","event":"\u001b[0m00:06:15  4 of 14 START test source_unique_tpch_orders_o_orderkey ........................ [RUN]","logger":"airflow.task.hooks.airflow.providers.standard.hooks.subprocess.SubprocessHook"}
{"timestamp":"2026-02-19T00:06:17.004660","level":"info","event":"\u001b[0m00:06:16  2 of 14 PASS source_not_null_tpch_orders_o_orderkey ............................ [\u001b[32mPASS\u001b[0m in 1.36s]","logger":"airflow.task.hooks.airflow.providers.standard.hooks.subprocess.SubprocessHook"}
{"timestamp":"2026-02-19T00:06:17.753740","level":"info","event":"\u001b[0m00:06:17  1 of 14 OK created sql view model dbt_schema.stg_tpch_line_items ............... [\u001b[32mSUCCESS 1\u001b[0m in 2.06s]","logger":"airflow.task.hooks.airflow.providers.standard.hooks.subprocess.SubprocessHook"}
{"timestamp":"2026-02-19T00:06:18.242599","level":"info","event":"\u001b[0m00:06:18  4 of 14 PASS source_unique_tpch_orders_o_orderkey .............................. [\u001b[32mPASS\u001b[0m in 2.57s]","logger":"airflow.task.hooks.airflow.providers.standard.hooks.subprocess.SubprocessHook"}
{"timestamp":"2026-02-19T00:06:18.257614","level":"info","event":"\u001b[0m00:06:18  5 of 14 START sql view model dbt_schema.stg_tpch_orders ........................ [RUN]","logger":"airflow.task.hooks.airflow.providers.standard.hooks.subprocess.SubprocessHook"}
{"timestamp":"2026-02-19T00:06:18.582401","level":"info","event":"\u001b[0m00:06:18  3 of 14 PASS source_relationships_tpch_lineitem_l_orderkey__o_orderkey__source_tpch_orders_  [\u001b[32mPASS\u001b[0m in 2.92s]","logger":"airflow.task.hooks.airflow.providers.standard.hooks.subprocess.SubprocessHook"}
{"timestamp":"2026-02-19T00:06:20.428565","level":"info","event":"\u001b[0m00:06:20  5 of 14 OK created sql view model dbt_schema.stg_tpch_orders ................... [\u001b[32mSUCCESS 1\u001b[0m in 2.16s]","logger":"airflow.task.hooks.airflow.providers.standard.hooks.subprocess.SubprocessHook"}
{"timestamp":"2026-02-19T00:06:20.469549","level":"info","event":"\u001b[0m00:06:20  6 of 14 START sql table model dbt_schema.int_order_items ....................... [RUN]","logger":"airflow.task.hooks.airflow.providers.standard.hooks.subprocess.SubprocessHook"}
{"timestamp":"2026-02-19T00:06:29.943365","level":"info","event":"\u001b[0m00:06:29  6 of 14 OK created sql table model dbt_schema.int_order_items .................. [\u001b[32mSUCCESS 6001215\u001b[0m in 9.26s]","logger":"airflow.task.hooks.airflow.providers.standard.hooks.subprocess.SubprocessHook"}
{"timestamp":"2026-02-19T00:06:30.227890","level":"info","event":"\u001b[0m00:06:30  7 of 14 START sql table model dbt_schema.int_order_items_summary ............... [RUN]","logger":"airflow.task.hooks.airflow.providers.standard.hooks.subprocess.SubprocessHook"}
{"timestamp":"2026-02-19T00:06:37.928559","level":"info","event":"\u001b[0m00:06:37  7 of 14 OK created sql table model dbt_schema.int_order_items_summary .......... [\u001b[32mSUCCESS 1500000\u001b[0m in 7.38s]","logger":"airflow.task.hooks.airflow.providers.standard.hooks.subprocess.SubprocessHook"}
{"timestamp":"2026-02-19T00:06:38.387888","level":"info","event":"\u001b[0m00:06:38  8 of 14 START sql table model dbt_schema.fct_orders ............................ [RUN]","logger":"airflow.task.hooks.airflow.providers.standard.hooks.subprocess.SubprocessHook"}
{"timestamp":"2026-02-19T00:06:45.644566","level":"info","event":"\u001b[0m00:06:45  8 of 14 OK created sql table model dbt_schema.fct_orders ....................... [\u001b[32mSUCCESS 1500000\u001b[0m in 7.09s]","logger":"airflow.task.hooks.airflow.providers.standard.hooks.subprocess.SubprocessHook"}
{"timestamp":"2026-02-19T00:06:46.622486","level":"info","event":"\u001b[0m00:06:46  9 of 14 START test accepted_values_fct_orders_status_code__O__F__P ............. [RUN]","logger":"airflow.task.hooks.airflow.providers.standard.hooks.subprocess.SubprocessHook"}
{"timestamp":"2026-02-19T00:06:46.700244","level":"info","event":"\u001b[0m00:06:46  10 of 14 START test fct_orders_date_valid ...................................... [RUN]","logger":"airflow.task.hooks.airflow.providers.standard.hooks.subprocess.SubprocessHook"}
{"timestamp":"2026-02-19T00:06:46.878385","level":"info","event":"\u001b[0m00:06:46  11 of 14 START test fct_orders_discount ........................................ [RUN]","logger":"airflow.task.hooks.airflow.providers.standard.hooks.subprocess.SubprocessHook"}
{"timestamp":"2026-02-19T00:06:47.147099","level":"info","event":"\u001b[0m00:06:47  12 of 14 START test not_null_fct_orders_order_key .............................. [RUN]","logger":"airflow.task.hooks.airflow.providers.standard.hooks.subprocess.SubprocessHook"}
{"timestamp":"2026-02-19T00:06:47.240518","level":"info","event":"\u001b[0m00:06:47  13 of 14 START test relationships_fct_orders_order_key__order_key__ref_stg_tpch_orders_  [RUN]","logger":"airflow.task.hooks.airflow.providers.standard.hooks.subprocess.SubprocessHook"}
{"timestamp":"2026-02-19T00:06:47.342354","level":"info","event":"\u001b[0m00:06:47  14 of 14 START test unique_fct_orders_order_key ................................ [RUN]","logger":"airflow.task.hooks.airflow.providers.standard.hooks.subprocess.SubprocessHook"}
{"timestamp":"2026-02-19T00:06:52.504748","level":"info","event":"\u001b[0m00:06:52  14 of 14 PASS unique_fct_orders_order_key ...................................... [\u001b[32mPASS\u001b[0m in 5.09s]","logger":"airflow.task.hooks.airflow.providers.standard.hooks.subprocess.SubprocessHook"}
{"timestamp":"2026-02-19T00:06:52.522405","level":"info","event":"\u001b[0m00:06:52  10 of 14 PASS fct_orders_date_valid ............................................ [\u001b[32mPASS\u001b[0m in 5.72s]","logger":"airflow.task.hooks.airflow.providers.standard.hooks.subprocess.SubprocessHook"}
{"timestamp":"2026-02-19T00:06:52.568743","level":"info","event":"\u001b[0m00:06:52  13 of 14 PASS relationships_fct_orders_order_key__order_key__ref_stg_tpch_orders_  [\u001b[32mPASS\u001b[0m in 4.73s]","logger":"airflow.task.hooks.airflow.providers.standard.hooks.subprocess.SubprocessHook"}
{"timestamp":"2026-02-19T00:06:52.607492","level":"info","event":"\u001b[0m00:06:52  9 of 14 PASS accepted_values_fct_orders_status_code__O__F__P ................... [\u001b[32mPASS\u001b[0m in 4.13s]","logger":"airflow.task.hooks.airflow.providers.standard.hooks.subprocess.SubprocessHook"}
{"timestamp":"2026-02-19T00:06:54.188164","level":"info","event":"\u001b[0m00:06:54  11 of 14 PASS fct_orders_discount .............................................. [\u001b[32mPASS\u001b[0m in 7.24s]","logger":"airflow.task.hooks.airflow.providers.standard.hooks.subprocess.SubprocessHook"}
{"timestamp":"2026-02-19T00:06:54.254732","level":"info","event":"\u001b[0m00:06:54  12 of 14 PASS not_null_fct_orders_order_key .................................... [\u001b[32mPASS\u001b[0m in 6.78s]","logger":"airflow.task.hooks.airflow.providers.standard.hooks.subprocess.SubprocessHook"}
{"timestamp":"2026-02-19T00:06:59.185692","level":"info","event":"\u001b[0m00:06:59","logger":"airflow.task.hooks.airflow.providers.standard.hooks.subprocess.SubprocessHook"}
{"timestamp":"2026-02-19T00:06:59.199307","level":"info","event":"\u001b[0m00:06:59  Finished running 3 table models, 9 data tests, 2 view models in 0 hours 0 minutes and 49.40 seconds (49.40s).","logger":"airflow.task.hooks.airflow.providers.standard.hooks.subprocess.SubprocessHook"}
{"timestamp":"2026-02-19T00:07:00.239065","level":"info","event":"\u001b[0m00:07:00","logger":"airflow.task.hooks.airflow.providers.standard.hooks.subprocess.SubprocessHook"}
{"timestamp":"2026-02-19T00:07:00.242264","level":"info","event":"\u001b[0m00:07:00  \u001b[32mCompleted successfully\u001b[0m","logger":"airflow.task.hooks.airflow.providers.standard.hooks.subprocess.SubprocessHook"}
{"timestamp":"2026-02-19T00:07:00.249683","level":"info","event":"\u001b[0m00:07:00","logger":"airflow.task.hooks.airflow.providers.standard.hooks.subprocess.SubprocessHook"}
{"timestamp":"2026-02-19T00:07:00.259146","level":"info","event":"\u001b[0m00:07:00  Done. PASS=14 WARN=0 ERROR=0 SKIP=0 NO-OP=0 TOTAL=14","logger":"airflow.task.hooks.airflow.providers.standard.hooks.subprocess.SubprocessHook"}
{"timestamp":"2026-02-19T00:07:00.324261","level":"info","event":"\u001b[0m00:07:00  [\u001b[33mWARNING\u001b[0m][DeprecationsSummary]: Deprecated functionality","logger":"airflow.task.hooks.airflow.providers.standard.hooks.subprocess.SubprocessHook"}
{"timestamp":"2026-02-19T00:07:00.367254","level":"info","event":"Summary of encountered deprecations:","logger":"airflow.task.hooks.airflow.providers.standard.hooks.subprocess.SubprocessHook"}
{"timestamp":"2026-02-19T00:07:00.367350","level":"info","event":"- MissingArgumentsPropertyInGenericTestDeprecation: 1 occurrence","logger":"airflow.task.hooks.airflow.providers.standard.hooks.subprocess.SubprocessHook"}
{"timestamp":"2026-02-19T00:07:00.367471","level":"info","event":"To see all deprecation instances instead of just the first occurrence of each,","logger":"airflow.task.hooks.airflow.providers.standard.hooks.subprocess.SubprocessHook"}
{"timestamp":"2026-02-19T00:07:00.367587","level":"info","event":"run command again with the `--show-all-deprecations` flag. You may also need to","logger":"airflow.task.hooks.airflow.providers.standard.hooks.subprocess.SubprocessHook"}
{"timestamp":"2026-02-19T00:07:00.367643","level":"info","event":"run with `--no-partial-parse` as some deprecations are only encountered during","logger":"airflow.task.hooks.airflow.providers.standard.hooks.subprocess.SubprocessHook"}
{"timestamp":"2026-02-19T00:07:00.367693","level":"info","event":"parsing.","logger":"airflow.task.hooks.airflow.providers.standard.hooks.subprocess.SubprocessHook"}
{"timestamp":"2026-02-19T00:07:10.981462","level":"info","event":"Command exited with return code 0","logger":"airflow.task.hooks.airflow.providers.standard.hooks.subprocess.SubprocessHook"}
{"timestamp":"2026-02-19T00:07:11.077568","level":"info","event":"Pushing xcom","ti":"RuntimeTaskInstance(id=UUID('019c7336-cfa1-79c9-b8b3-035605c0ba32'), task_id='dbt_build', dag_id='dbt_build_daily', run_id='manual__2026-02-19T00:04:57.388113+00:00', try_number=1, map_index=-1, hostname='91212e1a255f', context_carrier={}, task=<Task(_BashDecoratedOperator): dbt_build>, bundle_instance=LocalDagBundle(name=dags-folder), max_tries=0, start_date=datetime.datetime(2026, 2, 19, 0, 5, 48, 998059, tzinfo=TzInfo(UTC)), end_date=None, is_mapped=False)","logger":"task"}
